[www.societysalons.com/index.html]
[backblue.gif]
[fade.gif]
[index.html]
[cdn.prod.website-files.com/5ff7a069117f9c564f277ea6/css/societybackup.webflow.shared.674f17108.css]
[ajax.googleapis.com/ajax/libs/webfont/1.6.26/webfont.js]
[cdn.prod.website-files.com/5ff7a069117f9c564f277ea6/5ffe14924f68065af4bf66a2_society favicon 32x32.png]
[cdn.prod.website-files.com/5ff7a069117f9c564f277ea6/5ffe1509a182a6b34a3de2d3_society webclip 256.png]
[connect.facebook.net/en_US/fbevents.js]
[static.joinboulevard.com/injector.min.js]
[cdn-cookieyes.com/client_data/3963c11a3b5c2216df119025/script.js]
[www.societysalons.com/services.html]
[www.societysalons.com/services/housecalls.html]
[www.societysalons.com/services/weddings.html]
[www.societysalons.com/services/academy.html]
[www.societysalons.com/aboutus.html]
[www.societysalons.com/team.html]
[www.societysalons.com/societysays.html]
[www.societysalons.com/societysays/balayage-vs-highlights.html]
[www.societysalons.com/societysays/how-to-care-for-curly-hair-7-tips-from-pro-stylists.html]
[www.societysalons.com/societysays/what-is-balayage.html]
[www.societysalons.com/careers.html]
[cdn.prod.website-files.com/5ff7a069117f9c564f277ea6/5ff7a069117f9cad1f278424_Society black board.jpg]
[cdn.prod.website-files.com/5ff7a069117f9c564f277ea6/5ff7a069117f9c3713278457_Society letters with people 2.png]
[cdn.prod.website-files.com/5ff7a069117f9c564f277ea6/5ff7a069117f9c0b72278411_SOCIETY INTERIOR LONG VIEW FROM ENTRANCE 4MB.jpg]
[cdn.prod.website-files.com/5ff7a069117f9c564f277ea6/5ff7a069117f9cba97278422_byrdie logo transparent.png]
[cdn.prod.website-files.com/5ff7a069117f9c564f277ea6/5ff7a069117f9c296d27841e_allure 3 logo transparent.png]
[cdn.prod.website-files.com/5ff7a069117f9c564f277ea6/5ff7a069117f9c239727841b_elle logo transparent.png]
[cdn.prod.website-files.com/5ff7a069117f9c564f277ea6/5ff7a069117f9c58e4278420_instyle logo transparent.png]
[cdn.prod.website-files.com/5ff7a069117f9c564f277ea6/5ff7a069117f9c73fa278421_amel color.jpg]
[cdn.prod.website-files.com/5ff7a069117f9c564f277ea6/5ff7a069117f9ce780278449_Jordan E Spencer review.jpg]
[cdn.prod.website-files.com/5ff7a069117f9c564f277ea6/5ff7a069117f9c036f27841d_Jeannie H Amel Yelp.jpg]
[cdn.prod.website-files.com/5ff7a069117f9c564f277ea6/5ff7a069117f9c821227842a_Samantha s yelp wedding.jpg]
[cdn.prod.website-files.com/5ff7a069117f9c564f277ea6/5ff7a069117f9cb89327842c_Jenny b yelp keely.jpg]
[cdn.prod.website-files.com/5ff7a069117f9c564f277ea6/5ff7a069117f9c91d0278425_Alicia yelp Mischie.jpg]
[cdn.prod.website-files.com/5ff7a069117f9c564f277ea6/5ff7a069117f9c2f33278423_Tiffany g yelp amel.jpg]
[cdn.prod.website-files.com/5ff7a069117f9c564f277ea6/5ff7a069117f9c46e127841f_Vardui K Yelp Spencer.jpg]
[cdn.prod.website-files.com/5ff7a069117f9c564f277ea6/5ff7a069117f9c4927278428_Eli M Lindsay and Mischie Yelp.jpg]
[cdn.prod.website-files.com/5ff7a069117f9c564f277ea6/5ff7a069117f9c3910278426_Rachel P yelp kelsey.jpg]
[cdn.prod.website-files.com/5ff7a069117f9c564f277ea6/5ff7a069117f9c7c74278429_Julie h.jpg]
[www.societysalons.com/home/coming-soon.html]
[www.societysalons.com/societysays/why-we-built-a-career-track-for-stylists.html]
[www.societysalons.com/societysays/2026-hair-trends-wearable.html]
[www.societysalons.com/societysays/split-ends-101-causes-prevention-and-repair-strategies.html]
[cdn.prod.website-files.com/5ff7a069117f9c564f277ea6/5ff7a069117f9c4508278456_Untitled design.png]
[cdn.prod.website-files.com/5ff7a069117f9c564f277ea6/5ff7a069117f9c834a278462_Society logo white 4.png]
[cdn.prod.website-files.com/5ff7a069117f9c564f277ea6/5ff7a069117f9c25e9278430_Spencer Cut Color 01.jpg]
[cdn.prod.website-files.com/5ff7a069117f9c564f277ea6/5ff7a069117f9cd560278432_Willie highlights.jpg]
[cdn.prod.website-files.com/5ff7a069117f9c564f277ea6/5ff7a069117f9cfc38278437_Keely cut 1.jpg]
[cdn.prod.website-files.com/5ff7a069117f9c564f277ea6/5ff7a069117f9c51b727843b_IMG_3810.jpg]
[d3e54v103j8qbb.cloudfront.net/js/jquery-3.5.1.min.dc5e7f18c86f55.js]
[cdn.prod.website-files.com/5ff7a069117f9c564f277ea6/js/webflow.schunk.36b8fb49256177c8.js]
[cdn.prod.website-files.com/5ff7a069117f9c564f277ea6/js/webflow.schunk.43a217bcba6b284f.js]
[cdn.prod.website-files.com/5ff7a069117f9c564f277ea6/js/webflow.schunk.121b0d7ff03e0f4a.js]
[www.societysalons.com/index.html]
[cdn.prod.website-files.com/5ff7a069117f9c564f277ea6/js/webflow.b0d1e3ac.6f8cb6c6a9313847.js]
[cdn.prod.website-files.com/5ff7a069117f9c564f277ea6/5ff7a069117f9ccf3527813e_emoji-point-right-icon.png]
[cdn.prod.website-files.com/5ff7a069117f9c564f277ea6/5ff7a069117f9c9731278180_emoji-hi-icon.png]
[cdn.prod.website-files.com/5ff7a069117f9c564f277ea6/5ff7a069117f9c09b12781bb_emoji-boom-icon.png]
[cdn.prod.website-files.com/5ff7a069117f9c564f277ea6/5ff7a069117f9c34e92783d7_coffee-creative-cup-space-3803974.jpg]
[cdn.prod.website-files.com/5ff7a069117f9c564f277ea6/5ff7a069117f9ce338278406_woman-in-blue-long-sleeve-shirt-sitting-at-the-table-working-3767388.jpg]
[cdn.prod.website-files.com/5ff7a069117f9c564f277ea6/5ff7a069117f9c6bb427843d_IMG_1815.jpg]
[cdn.prod.website-files.com/5ff7a069117f9c564f277ea6/5ff7a069117f9c5065278439_lolo hair 4.jpg]
[cdn.prod.website-files.com/5ff7a069117f9c564f277ea6/5ff7a069117f9c028d278458_Sam Anton haircut.jpg]
[cdn.prod.website-files.com/5ff7a069117f9c564f277ea6/5ff7a069117f9c7fbb27843a_IMG_3811.jpg]
[cdn.prod.website-files.com/5ff7a069117f9c564f277ea6/5ff7a069117f9cdeb9278419_Screen Shot 2020-11-10 at 4.10.31 PM.png]
[cdn.prod.website-files.com/5ff7a069117f9c564f277ea6/5ff7a069117f9c56fa278395_photo-of-people-using-laptop-s-3182759.jpg]
[cdn.prod.website-files.com/5ff7a069117f9c564f277ea6/5ff7a069117f9c549227842f_lolo hair 2.jpg]
[cdn.prod.website-files.com/5ff7a069117f9c564f277ea6/css/societybackup.webflow.shared.674f17108.css]
[connect.facebook.net/en_US/fbevents.js]
[cdn.prod.website-files.com/5ff7a069117f9c564f277ea6/5ff7a069117f9c9e90278414_SALON_PRESS.jpg]
[cdn.prod.website-files.com/5ff7a069117f9c564f277ea6/5ff7a069117f9c679027842b_Lolo cut .jpg]
[cdn.prod.website-files.com/5ff7a069117f9c564f277ea6/5ff7a069117f9c47ad278427_lindsay M.jpg]
[cdn.prod.website-files.com/5ff7a069117f9c564f277ea6/5ff7a069117f9c808f27842d_white-marble-texture-with-natural-pattern-for-back-9CHFUT6.jpg]
[www.societysalons.com/services.html]
[cdn.prod.website-files.com/5ff7a069117f9c564f277ea6/js/webflow.a149b0ed.3473671b7453d2a1.js]
[cdn.prod.website-files.com/5ff7a069117f9c564f277ea6/5ff7a069117f9c98c927845b_Sam and Denise.jpg]
[www.societysalons.com/services/housecalls.html]
[cdn.prod.website-files.com/5ff7a069117f9c564f277ea6/js/webflow.97cc4c4b.e893e95c00f557b3.js]
[cdn.prod.website-files.com/5ff7a069117f9c564f277ea6/5ff7a069117f9c75be27845c_wedding photo.png]
[cdn.prod.website-files.com/5ff7a069117f9c564f277ea6/5ff7a069117f9c61b927845f_399A1907.jpg]
[www.societysalons.com/services/weddings.html]
[cdn.prod.website-files.com/5ff7a069117f9c564f277ea6/68769fafc58535cbe64567f3_Untitled design.png]
[cdn.prod.website-files.com/5ff7a069117f9c564f277ea6/66f71ebc0d4437dc117b42bf_Bailey Highlighting.jpg]
[cdn.prod.website-files.com/5ff7a069117f9c564f277ea6/6876b9d636c23bf1a565caf7_Yelp Review phot Spencer.jpg]
[www.societysalons.com/services/academy.html]
[cdn.prod.website-files.com/5ff7a069117f9c564f277ea6/5ff7a069117f9c0dc627844a__MG_9485.jpg]
[www.societysalons.com/aboutus.html]
[cdn.prod.website-files.com/5ff7a069117f9c564f277ea6/js/webflow.fffd151c.7ea6c0c71c3c439c.js]
[www.societysalons.com/team.html]
[cdn.prod.website-files.com/5ff7a069117f9c564f277ea6/60358f91103e38614cecfaaa_Says.png]
[www.societysalons.com/societysays/green-circle-salons.html]
[www.societysalons.com/societysays/the-battle-against-frizz-winning-strategies-for-smooth-shiny-hair.html]
[www.societysalons.com/societysays/an-expert-guide-to-going-red-when-your-hair-is-dark.html]
[www.societysalons.com/societysaysfde8.html]
[www.societysalons.com/societysays/purple-shampoo-the-secret-to-brass-free-hair.html]
[www.societysalons.com/societysays/why-you-should-never-bleach-your-own-hair.html]
[www.societysalons.com/societysays/why-you-need-a-gloss-toner.html]
[www.societysalons.com/types/video.html]
[www.societysalons.com/types/audio.html]
[www.societysalons.com/tags/apprentice-program.html]
[www.societysalons.com/tags/balayage.html]
[www.societysalons.com/tags/career-development.html]
[www.societysalons.com/tags/certified-green-salon.html]
[www.societysalons.com/tags/eco-friendly.html]
[www.societysalons.com/tags/haircare.html]
[www.societysalons.com/tags/haircuts.html]
[www.societysalons.com/tags/hair-products.html]
[www.societysalons.com/tags/hair-styling.html]
[www.societysalons.com/societysays.html]
[www.societysalons.com/tags/sustainable-salon.html]
[cdn.prod.website-files.com/5ff7a069117f9c06dc277eaa/60356401d5ee8fde3419be22_80741980_161690115290702_6564992199747070571_n.jpg]
[www.societysalons.com/categories/hair-color.html]
[www.instagram.com/embed.js]
[www.societysalons.com/team-members/samdivine.html]
[cdn.prod.website-files.com/5ff7a069117f9c06dc277eaa/5ff7a069117f9c21fe27803d_Sam Headshot cropped for BLVD.jpg]
[www.societysalons.com/societysays/balayage-vs-highlights.html]
[cdn.prod.website-files.com/5ff7a069117f9c06dc277eaa/602d7efd8b6d0c7f83d123a2_curly hair blog banner.jpg]
[www.societysalons.com/categories/haircare.html]
[cdn.prod.website-files.com/5ff7a069117f9c06dc277eaa/602d7b3dd27cbd43c925e120_127274364_781733809051143_3984216025281875242_n.jpg]
[cdn.prod.website-files.com/5ff7a069117f9c06dc277eaa/602d7c8873ba1c66fd7a95d6_119148839_125726755904214_1710974442839828892_n.jpg]
[www.societysalons.com/societysays/how-to-care-for-curly-hair-7-tips-from-pro-stylists.html]
[cdn.prod.website-files.com/5ff7a069117f9c06dc277eaa/602d8c1da3e97d25cd758379_Untitled design (2).jpg]
[www.societysalons.com/societysays/what-is-balayage.html]
[cdn.prod.website-files.com/5ff7a069117f9c564f277ea6/66f71ebf6e950d2c22bfd81c_Willie applying color.jpg]
[cdn.prod.website-files.com/5ff7a069117f9c564f277ea6/5ff7a069117f9c7936278455__MG_8968.jpg]
[cdn.prod.website-files.com/5ff7a069117f9c564f277ea6/66f71fc82cdb79647686d2f0_Bailey Highlighting.jpg]
[cdn.prod.website-files.com/5ff7a069117f9c564f277ea6/5ff7a069117f9c0db327844c__MG_9606.jpg]
[cdn.prod.website-files.com/5ff7a069117f9c564f277ea6/66f71e408a1fd5c75e8b7a3e_IMG_3196.jpg]
[www.societysalons.com/careers.html]
[www.societysalons.com/home/coming-soon.html]
[cdn.prod.website-files.com/5ff7a069117f9c06dc277eaa/69a99a421080da929a79cd49_Why we built a career track for stylists.png]
[www.societysalons.com/categories/behind-the-chair.html]
[cdn.prod.website-files.com/5ff7a069117f9c06dc277eaa/69a99ab1af6b48b1feb8c8ba_career-track-full.png]
[www.societysalons.com/societysays/why-we-built-a-career-track-for-stylists.html]
[cdn.prod.website-files.com/5ff7a069117f9c06dc277eaa/69a995d7ea179a2b3840b4a6_2026 Hair Trends, But Make It Wearable The 11 We'd Put on a Client in Los Angeles.png]
[www.societysalons.com/societysays/2026-hair-trends-wearable.html]
[www.societysalons.com/categories/inspiration.html]
[cdn.prod.website-files.com/5ff7a069117f9c06dc277eaa/64a329ebb75d3d418ae54491_Society Says - Wide Shot.jpg]
[www.societysalons.com/societysays/split-ends-101-causes-prevention-and-repair-strategies.html]
[cdn.prod.website-files.com/5ff7a069117f9c06dc277eaa/64a32e0f6f104ab90f4c0957_8Sl-w5mBaueUDHt9tkI2AfO4EPkrHb6qtgN3P1JG0YA1MbHzNASKmbUX2isCw0IcX86M5mPGzv1UVnWAjdn0UJZHG2UsOWHpbSk842zhlkKBhEfkKgwOY7pP4TbIZYlsVHp]
[cdn.prod.website-files.com/5ff7a069117f9c06dc277eaa/64a71a06870b4648f64cd7ce_Society Says - Wide Shot (1).jpg]
[www.societysalons.com/categories/sustainability.html]
[cdn.prod.website-files.com/5ff7a069117f9c06dc277eaa/64a71dbcfb82ba1e808aa1c0_Screenshot 2023-07-07 at 4.02.14 AM.png]
[www.societysalons.com/societysays/green-circle-salons.html]
[cdn.prod.website-files.com/5ff7a069117f9c06dc277eaa/649f3aebc92ab58e14c8d9fe_Frizz - Wide.jpg]
[cdn.prod.website-files.com/5ff7a069117f9c06dc277eaa/649efa0f58fb2bfe7743eeac_Screenshot 2023-06-30 at 11.51.42 PM.png]
[cdn.prod.website-files.com/5ff7a069117f9c06dc277eaa/649f0122998ff68f35f2ee17_SS.jpg]
[www.societysalons.com/societysays/the-battle-against-frizz-winning-strategies-for-smooth-shiny-hair.html]
[cdn.prod.website-files.com/5ff7a069117f9c06dc277eaa/644961fcfca2f6244fbcba5a_Untitled design (5).png]
[cdn.prod.website-files.com/5ff7a069117f9c06dc277eaa/64935e2e8345da28c409ae0e_Screenshot 2023-06-21 at 12.50.07 AM.png]
[cdn.prod.website-files.com/5ff7a069117f9c06dc277eaa/6495b2713d01179bcab83f78_Screenshot 2023-06-23 at 10.55.32 PM.png]
[www.societysalons.com/societysays/an-expert-guide-to-going-red-when-your-hair-is-dark.html]
[www.societysalons.com/societysays/the-fine-hair-dilemma-unlocking-the-secrets-to-voluminous-locks.html]
[www.societysalons.com/societysays/missing-your-natural-hair-color-heres-how-to-get-it-back.html]
[www.societysalons.com/societysays/4-ways-to-ease-the-transition-to-gray-hair.html]
[www.societysalons.com/societysays29e9.html]
[www.societysalons.com/societysaysfde8.html]
[cdn.prod.website-files.com/5ff7a069117f9c06dc277eaa/61f31115a24bc26b582891de_Yubi Blonde Purple Shampoo.jpg]
[cdn.prod.website-files.com/5ff7a069117f9c06dc277eaa/61f31013824870d474e7f1d9_Yubi Blonde Anti Brass Purple Shampoo.png]
[www.societysalons.com/societysays/purple-shampoo-the-secret-to-brass-free-hair.html]
[cdn.prod.website-files.com/5ff7a069117f9c06dc277eaa/61e5c5d990a23ac663253897_Don't bleach your own hair.png]
[www.societysalons.com/societysays/why-you-should-never-bleach-your-own-hair.html]
[cdn.prod.website-files.com/5ff7a069117f9c06dc277eaa/60771c37eb3fb9241240bd35_let's talk about gloss and toners.png]
[www.societysalons.com/societysays/why-you-need-a-gloss-toner.html]
[www.societysalons.com/categories/haircuts.html]
[www.societysalons.com/categories/hair-styling.html]
[www.societysalons.com/categories/how-to.html]
[www.societysalons.com/categories/what-to-buy.html]
[www.societysalons.com/types/video.html]
[www.societysalons.com/types/audio.html]
[www.societysalons.com/tags/apprentice-program.html]
[www.societysalons.com/tags/balayage.html]
[www.societysalons.com/tags/career-development.html]
[www.societysalons.com/tags/certified-green-salon.html]
[www.societysalons.com/tags/eco-friendly.html]
[www.societysalons.com/tags/haircare.html]
[www.societysalons.com/tags/haircuts.html]
[www.societysalons.com/societysays/the-ultimate-guide-to-hair-color-ideas-for-every-skin-tone.html]
[www.societysalons.com/tags/hair-products.html]
[www.societysalons.com/tags/hair-styling.html]
[www.societysalons.com/tags/sustainable-salon.html]
[www.societysalons.com/categories/hair-color40b2.html]
[www.societysalons.com/categories/hair-color.html]
[www.instagram.com/embed.js]
[cdn.prod.website-files.com/5ff7a069117f9c06dc277eaa/5ff7a069117f9c346027806c__MG_9485.jpg]
[www.societysalons.com/team-members/samdivine.html]
[www.societysalons.com/categories/haircare.html]
[www.societysalons.com/categories/behind-the-chair.html]
[www.societysalons.com/categories/inspiration.html]
[www.societysalons.com/categories/sustainability.html]
[cdn.prod.website-files.com/5ff7a069117f9c06dc277eaa/648c9a54de00e945bb8e1bc8_split ends 2000 x 1200.png]
[cdn.prod.website-files.com/5ff7a069117f9c06dc277eaa/654eca17b2b0d8a2b581ba00_Screenshot 2023-11-11 at 8.26.09 AM.png]
[cdn.prod.website-files.com/5ff7a069117f9c06dc277eaa/648c9391b394f11a20e1584f_Awa-Volume-Def.jpg]
[www.societysalons.com/societysays/the-fine-hair-dilemma-unlocking-the-secrets-to-voluminous-locks.html]
[cdn.prod.website-files.com/5ff7a069117f9c06dc277eaa/61f1ebb0e970215191a3d8c1_Back to natural.png]
[www.societysalons.com/societysays/missing-your-natural-hair-color-heres-how-to-get-it-back.html]
[cdn.prod.website-files.com/5ff7a069117f9c06dc277eaa/61f1e295ca97aaa2ef933fcb_Gray hair.png]
[www.societysalons.com/societysays/4-ways-to-ease-the-transition-to-gray-hair.html]
[www.societysalons.com/societysays29e9.html]
[www.societysalons.com/categories/haircuts.html]
[www.societysalons.com/categories/hair-styling.html]
[www.societysalons.com/categories/how-to.html]
[www.societysalons.com/categories/what-to-buy.html]
[cdn.prod.website-files.com/5ff7a069117f9c06dc277eaa/643efdef084d5646e924d784_Untitled design.png]
[cdn.prod.website-files.com/5ff7a069117f9c06dc277eaa/643f006344c66349653e3a3d_Color Lustre.png]
[www.societysalons.com/societysays/the-ultimate-guide-to-hair-color-ideas-for-every-skin-tone.html]
[www.societysalons.com/categories/hair-color40b2.html]
[www.societysalons.com/categories/hair-color49cf.html]
[www.societysalons.com/old-home.html]
[www.societysalons.com/_https_/cdn.prod.website-files.com/5ff7a069117f9c06dc277eaa/5ff7a069117f9c21fe27803d_Sam Headshot cropped for BLVD.html]
[www.societysalons.com/_https_/cdn.prod.website-files.com/5ff7a069117f9c06dc277eaa/69615b2d4b0408b3fca62262_Amel 2025.html]
[www.societysalons.com/_https_/cdn.prod.website-files.com/5ff7a069117f9c06dc277eaa/5ff7a069117f9c57ba278041_Willie Headshot.html]
[www.societysalons.com/_https_/cdn.prod.website-files.com/5ff7a069117f9c06dc277eaa/69a9979baa4701cdabee50c7_career-track-thumbnail.html]
[www.societysalons.com/_https_/cdn.prod.website-files.com/5ff7a069117f9c06dc277eaa/69a995d7ea179a2b3840b4a6_2026 Hair Trends, But Make It Wearable The 11 We'd Put on a Client in Los Angeles.html]
[www.societysalons.com/_https_/cdn.prod.website-files.com/5ff7a069117f9c06dc277eaa/64a329e6d2b3caa4e8e4859b_Society Says - Thumbnail.html]
[www.societysalons.com/signals/config/index.html]
[www.societysalons.com/t.html]
[www.societysalons.com/e.html]
[www.societysalons.com/signals/plugins/index.html]
[www.societysalons.com/schema.org/index.html]
[www.societysalons.com/t-2.html]
[www.societysalons.com/o.html]
[www.societysalons.com/signals/iwl.html]
[www.societysalons.com/signals/iwl0fc5.html]
[www.societysalons.com/n.html]
[www.societysalons.com/n-2.html]
[www.societysalons.com/_https_/cdn.prod.website-files.com/5ff7a069117f9c06dc277eaa/696159c6163eb7749e64765a_Kelsey 2025.html]
[www.societysalons.com/_https_/cdn.prod.website-files.com/5ff7a069117f9c06dc277eaa/5ff7a069117f9c41a4278042_Jillian Headshot cropped.html]
[www.societysalons.com/_https_/cdn.prod.website-files.com/5ff7a069117f9c06dc277eaa/69614e38fbdfef69c1e95d6a_IMG_9626.html]
[www.societysalons.com/_https_/cdn.prod.website-files.com/5ff7a069117f9c06dc277eaa/672bdaf4179c4b39ae55ff0a_Russell 2024.html]
[www.societysalons.com/_https_/cdn.prod.website-files.com/5ff7a069117f9c06dc277eaa/696a8e12b8094c83b2b640eb_Spencer 2025.html]
[www.societysalons.com/_https_/cdn.prod.website-files.com/5ff7a069117f9c06dc277eaa/69a1ad1f41e070e55c03b813_Screenshot 2026-02-23 at 5.30.55 PM.html]
[www.societysalons.com/_https_/cdn.prod.website-files.com/5ff7a069117f9c06dc277eaa/655cccc687ace2d7b06ac04a_Society Black Board.html]
[www.societysalons.com/_https_/cdn.prod.website-files.com/5ff7a069117f9c06dc277eaa/69614f3634dfef7709826f28_Ellie 01 2025.html]
[www.societysalons.com/_https_/cdn.prod.website-files.com/5ff7a069117f9c06dc277eaa/69a1ae278e42b90ceba33bd5_Screenshot 2026-02-24 at 3.12.02 PM.html]
[www.societysalons.com/_https_/cdn.prod.website-files.com/5ff7a069117f9c06dc277eaa/672bde28a533e2efabd5e05e_Joseph 2024.html]
[www.societysalons.com/_https_/cdn.prod.website-files.com/5ff7a069117f9c06dc277eaa/672bdf1d0dc3b1a5bc9932ad_Faith 2024.html]
[www.societysalons.com/_https_/cdn.prod.website-files.com/5ff7a069117f9c06dc277eaa/696158c9da21fa225050f251_Jamilee 2025.html]
[www.societysalons.com/_https_/cdn.prod.website-files.com/5ff7a069117f9c06dc277eaa/64a81da0db6f0b019adfd7f1_Society Says - Thumbnail (1.html]
[www.societysalons.com/_https_/cdn.prod.website-files.com/5ff7a069117f9c06dc277eaa/649f3ae71fb49b32e820e1d0_Frizz - Thumbnail.html]
[www.societysalons.com/_https_/cdn.prod.website-files.com/5ff7a069117f9c06dc277eaa/644960dc61a421ad9c5ee6a7_Snapinsta.app_327269950_888598685783015_5919492625015357698_n_1080.html]
[www.societysalons.com/_https_/cdn.prod.website-files.com/5ff7a069117f9c06dc277eaa/61f31115a24bc26b582891de_Yubi Blonde Purple Shampoo.html]
[www.societysalons.com/_https_/cdn.prod.website-files.com/5ff7a069117f9c06dc277eaa/61e5c5d990a23ac663253897_Don't bleach your own hair.html]
[www.societysalons.com/_https_/cdn.prod.website-files.com/5ff7a069117f9c06dc277eaa/60771f5c3e0e3ad5fd815205_let's talk about gloss and toners square.html]
[www.societysalons.com/_https_/cdn.prod.website-files.com/5ff7a069117f9c06dc277eaa/60356401d5ee8fde3419be22_80741980_161690115290702_6564992199747070571_n.html]
[www.societysalons.com/_https_/cdn.prod.website-files.com/5ff7a069117f9c06dc277eaa/602d8c4899990249aaaa120e_119221400_641189236814840_6623593865357065860_n.html]
[www.societysalons.com/types/text.html]
[www.societysalons.com/tags/barbering.html]
[www.societysalons.com/tags/education.html]
[www.societysalons.com/tags/guide.html]
[www.societysalons.com/tags/hair-care.html]
[www.societysalons.com/tags/haircolor.html]
[www.societysalons.com/tags/stylist-growth.html]
[www.societysalons.com/tags/sustainability.html]
[www.societysalons.com/categories/hair-color49cf.html]
[www.societysalons.com/societysays/_https_/cdn.prod.website-files.com/5ff7a069117f9c06dc277eaa/69a9979baa4701cdabee50c7_career-track-thumbnail.html]
[www.societysalons.com/societysays/_https_/cdn.prod.website-files.com/5ff7a069117f9c06dc277eaa/69a995d7ea179a2b3840b4a6_2026 Hair Trends, But Make It Wearable The 11 We'd Put on a Client in Los Angeles.93.dela]
[www.societysalons.com/societysays/_https_/cdn.prod.website-files.com/5ff7a069117f9c06dc277eaa/64a329e6d2b3caa4e8e4859b_Society Says - Thumbnail.html]
[www.societysalons.com/societysays/_https_/cdn.prod.website-files.com/5ff7a069117f9c06dc277eaa/64a81da0db6f0b019adfd7f1_Society Says - Thumbnail (1.html]
[www.societysalons.com/_https_/cdn.prod.website-files.com/5ff7a069117f9c06dc277eaa/648c98bfe70f44c443e0d45f_Screenshot 2023-06-16 at 10.15.19 AM.html]
[www.societysalons.com/_https_/cdn.prod.website-files.com/5ff7a069117f9c06dc277eaa/61f1ebb0e970215191a3d8c1_Back to natural.html]
[www.societysalons.com/_https_/cdn.prod.website-files.com/5ff7a069117f9c06dc277eaa/61f1e295ca97aaa2ef933fcb_Gray hair.html]
[www.societysalons.com/societysaysdb6d.html]
[www.societysalons.com/types/_https_/cdn.prod.website-files.com/5ff7a069117f9c06dc277eaa/61f31115a24bc26b582891de_Yubi Blonde Purple Shampoo.html]
[www.societysalons.com/types/_https_/cdn.prod.website-files.com/5ff7a069117f9c06dc277eaa/61e5c5d990a23ac663253897_Don't bleach your own hair.html]
[www.societysalons.com/types/_https_/cdn.prod.website-files.com/5ff7a069117f9c06dc277eaa/60771f5c3e0e3ad5fd815205_let's talk about gloss and toners square.html]
[www.societysalons.com/types/_https_/cdn.prod.website-files.com/5ff7a069117f9c06dc277eaa/60356401d5ee8fde3419be22_80741980_161690115290702_6564992199747070571_n.html]
[www.societysalons.com/types/_https_/cdn.prod.website-files.com/5ff7a069117f9c06dc277eaa/602d8c4899990249aaaa120e_119221400_641189236814840_6623593865357065860_n.html]
[www.societysalons.com/tags/_https_/cdn.prod.website-files.com/5ff7a069117f9c06dc277eaa/69a9979baa4701cdabee50c7_career-track-thumbnail.html]
[www.societysalons.com/tags/_https_/cdn.prod.website-files.com/5ff7a069117f9c06dc277eaa/61f31115a24bc26b582891de_Yubi Blonde Purple Shampoo.html]
[www.societysalons.com/tags/_https_/cdn.prod.website-files.com/5ff7a069117f9c06dc277eaa/61e5c5d990a23ac663253897_Don't bleach your own hair.html]
[www.societysalons.com/tags/_https_/cdn.prod.website-files.com/5ff7a069117f9c06dc277eaa/60771f5c3e0e3ad5fd815205_let's talk about gloss and toners square.html]
[www.societysalons.com/tags/_https_/cdn.prod.website-files.com/5ff7a069117f9c06dc277eaa/60356401d5ee8fde3419be22_80741980_161690115290702_6564992199747070571_n.html]
[www.societysalons.com/tags/_https_/cdn.prod.website-files.com/5ff7a069117f9c06dc277eaa/602d8c4899990249aaaa120e_119221400_641189236814840_6623593865357065860_n.html]
[www.societysalons.com/tags/_https_/cdn.prod.website-files.com/5ff7a069117f9c06dc277eaa/69a995d7ea179a2b3840b4a6_2026 Hair Trends, But Make It Wearable The 11 We'd Put on a Client in Los Angeles.html]
[www.societysalons.com/tags/_https_/cdn.prod.website-files.com/5ff7a069117f9c06dc277eaa/648c98bfe70f44c443e0d45f_Screenshot 2023-06-16 at 10.15.19 AM.html]
[www.societysalons.com/tags/_https_/cdn.prod.website-files.com/5ff7a069117f9c06dc277eaa/602d6f210e2548cfd0a14904_curly hair blog banner.html]
[www.societysalons.com/tags/_https_/cdn.prod.website-files.com/5ff7a069117f9c06dc277eaa/64a329e6d2b3caa4e8e4859b_Society Says - Thumbnail.html]
[www.societysalons.com/tags/_https_/cdn.prod.website-files.com/5ff7a069117f9c06dc277eaa/649f3ae71fb49b32e820e1d0_Frizz - Thumbnail.html]
[www.societysalons.com/tags/_https_/cdn.prod.website-files.com/5ff7a069117f9c06dc277eaa/643efdf48341be1f30c4dd14_Untitled (1080 × 1080 px.html]
[www.societysalons.com/categories/_https_/cdn.prod.website-files.com/5ff7a069117f9c06dc277eaa/644960dc61a421ad9c5ee6a7_Snapinsta.app_327269950_888598685783015_5919492625015357698_n_1080.html]
[www.societysalons.com/categories/_https_/cdn.prod.website-files.com/5ff7a069117f9c06dc277eaa/61f31115a24bc26b582891de_Yubi Blonde Purple Shampoo.html]
[www.societysalons.com/categories/_https_/cdn.prod.website-files.com/5ff7a069117f9c06dc277eaa/61f1ebb0e970215191a3d8c1_Back to natural.html]
[www.societysalons.com/categories/_https_/cdn.prod.website-files.com/5ff7a069117f9c06dc277eaa/61f1e295ca97aaa2ef933fcb_Gray hair.html]
[www.societysalons.com/categories/_https_/cdn.prod.website-files.com/5ff7a069117f9c06dc277eaa/61e5c5d990a23ac663253897_Don't bleach your own hair.html]
[www.societysalons.com/categories/_https_/cdn.prod.website-files.com/5ff7a069117f9c06dc277eaa/60771f5c3e0e3ad5fd815205_let's talk about gloss and toners square.html]
[www.societysalons.com/categories/_https_/cdn.prod.website-files.com/5ff7a069117f9c06dc277eaa/60356401d5ee8fde3419be22_80741980_161690115290702_6564992199747070571_n.html]
[www.societysalons.com/categories/_https_/cdn.prod.website-files.com/5ff7a069117f9c06dc277eaa/602d8c4899990249aaaa120e_119221400_641189236814840_6623593865357065860_n.html]
[www.societysalons.com/societysays/chrome-extension_/index.html]
[www.societysalons.com/societysays/$1/index.html]
[www.societysalons.com/societysays/embed/index.html]
[www.societysalons.com/societysays/captioned/index.html]
[www.societysalons.com/team-members/_https_/cdn.prod.website-files.com/5ff7a069117f9c06dc277eaa/69a9979baa4701cdabee50c7_career-track-thumbnail.html]
[www.societysalons.com/team-members/_https_/cdn.prod.website-files.com/5ff7a069117f9c06dc277eaa/69a995d7ea179a2b3840b4a6_2026 Hair Trends, But Make It Wearable The 11 We'd Put on a Client in Los Angeles.dd.del]
[www.societysalons.com/team-members/_https_/cdn.prod.website-files.com/5ff7a069117f9c06dc277eaa/64a329e6d2b3caa4e8e4859b_Society Says - Thumbnail.html]
[www.societysalons.com/categories/_https_/cdn.prod.website-files.com/5ff7a069117f9c06dc277eaa/64a329e6d2b3caa4e8e4859b_Society Says - Thumbnail.html]
[www.societysalons.com/categories/_https_/cdn.prod.website-files.com/5ff7a069117f9c06dc277eaa/649f3ae71fb49b32e820e1d0_Frizz - Thumbnail.html]
[www.societysalons.com/categories/_https_/cdn.prod.website-files.com/5ff7a069117f9c06dc277eaa/648c98bfe70f44c443e0d45f_Screenshot 2023-06-16 at 10.15.19 AM.html]
[www.societysalons.com/categories/_https_/cdn.prod.website-files.com/5ff7a069117f9c06dc277eaa/602d6f210e2548cfd0a14904_curly hair blog banner.html]
[www.societysalons.com/categories/_https_/cdn.prod.website-files.com/5ff7a069117f9c06dc277eaa/69a9979baa4701cdabee50c7_career-track-thumbnail.html]
[www.societysalons.com/categories/_https_/cdn.prod.website-files.com/5ff7a069117f9c06dc277eaa/69a995d7ea179a2b3840b4a6_2026 Hair Trends, But Make It Wearable The 11 We'd Put on a Client in Los Angeles.e4.delay]
[www.societysalons.com/categories/_https_/cdn.prod.website-files.com/5ff7a069117f9c06dc277eaa/64a81da0db6f0b019adfd7f1_Society Says - Thumbnail (1.html]
[www.societysalons.com/categories/_https_/cdn.prod.website-files.com/5ff7a069117f9c06dc277eaa/643efdf48341be1f30c4dd14_Untitled (1080 × 1080 px.html]
